Analyzing engineer_dashboard_page.dart...                       

   info - 'withOpacity' is deprecated and shouldn't be used. Use .withValues() to avoid precision loss - lib\frontend\screens\engineer_dashboard_page.dart:30:38 - deprecated_member_use
   info - 'withOpacity' is deprecated and shouldn't be used. Use .withValues() to avoid precision loss - lib\frontend\screens\engineer_dashboard_page.dart:32:38 - deprecated_member_use
   info - 'withOpacity' is deprecated and shouldn't be used. Use .withValues() to avoid precision loss - lib\frontend\screens\engineer_dashboard_page.dart:63:38 - deprecated_member_use
   info - 'withOpacity' is deprecated and shouldn't be used. Use .withValues() to avoid precision loss - lib\frontend\screens\engineer_dashboard_page.dart:258:57 - deprecated_member_use
   info - 'withOpacity' is deprecated and shouldn't be used. Use .withValues() to avoid precision loss - lib\frontend\screens\engineer_dashboard_page.dart:384:21 - deprecated_member_use
   info - 'withOpacity' is deprecated and shouldn't be used. Use .withValues() to avoid precision loss - lib\frontend\screens\engineer_dashboard_page.dart:407:23 - deprecated_member_use
   info - 'withOpacity' is deprecated and shouldn't be used. Use .withValues() to avoid precision loss - lib\frontend\screens\engineer_dashboard_page.dart:501:50 - deprecated_member_use
   info - Invalid use of a private type in a public API - lib\frontend\screens\engineer_dashboard_page.dart:553:3 - library_private_types_in_public_api
   info - Don't invoke 'print' in production code - lib\frontend\screens\engineer_dashboard_page.dart:621:11 - avoid_print
   info - Don't invoke 'print' in production code - lib\frontend\screens\engineer_dashboard_page.dart:625:7 - avoid_print
   info - Don't invoke 'print' in production code - lib\frontend\screens\engineer_dashboard_page.dart:666:7 - avoid_print
   info - Don't invoke 'print' in production code - lib\frontend\screens\engineer_dashboard_page.dart:675:7 - avoid_print
   info - Don't invoke 'print' in production code - lib\frontend\screens\engineer_dashboard_page.dart:707:7 - avoid_print
   info - Don't invoke 'print' in production code - lib\frontend\screens\engineer_dashboard_page.dart:727:7 - avoid_print
   info - Don't use 'BuildContext's across async gaps - lib\frontend\screens\engineer_dashboard_page.dart:768:7 - use_build_context_synchronously
   info - 'withOpacity' is deprecated and shouldn't be used. Use .withValues() to avoid precision loss - lib\frontend\screens\engineer_dashboard_page.dart:780:61 - deprecated_member_use
   info - 'withOpacity' is deprecated and shouldn't be used. Use .withValues() to avoid precision loss - lib\frontend\screens\engineer_dashboard_page.dart:881:50 - deprecated_member_use
   info - 'withOpacity' is deprecated and shouldn't be used. Use .withValues() to avoid precision loss - lib\frontend\screens\engineer_dashboard_page.dart:1041:33 - deprecated_member_use
   info - 'withOpacity' is deprecated and shouldn't be used. Use .withValues() to avoid precision loss - lib\frontend\screens\engineer_dashboard_page.dart:1148:56 - deprecated_member_use
   info - 'withOpacity' is deprecated and shouldn't be used. Use .withValues() to avoid precision loss - lib\frontend\screens\engineer_dashboard_page.dart:1175:66 - deprecated_member_use
   info - 'withOpacity' is deprecated and shouldn't be used. Use .withValues() to avoid precision loss - lib\frontend\screens\engineer_dashboard_page.dart:1412:17 - deprecated_member_use
   info - Invalid use of a private type in a public API - lib\frontend\screens\engineer_dashboard_page.dart:1492:3 - library_private_types_in_public_api
   info - The parameter name 'sum' matches a visible type name - lib\frontend\screens\engineer_dashboard_page.dart:1567:43 - avoid_types_as_parameter_names
   info - 'withOpacity' is deprecated and shouldn't be used. Use .withValues() to avoid precision loss - lib\frontend\screens\engineer_dashboard_page.dart:1732:61 - deprecated_member_use
   info - 'withOpacity' is deprecated and shouldn't be used. Use .withValues() to avoid precision loss - lib\frontend\screens\engineer_dashboard_page.dart:2035:52 - deprecated_member_use
   info - 'withOpacity' is deprecated and shouldn't be used. Use .withValues() to avoid precision loss - lib\frontend\screens\engineer_dashboard_page.dart:2122:50 - deprecated_member_use
   info - 'withOpacity' is deprecated and shouldn't be used. Use .withValues() to avoid precision loss - lib\frontend\screens\engineer_dashboard_page.dart:2174:22 - deprecated_member_use
   info - 'withOpacity' is deprecated and shouldn't be used. Use .withValues() to avoid precision loss - lib\frontend\screens\engineer_dashboard_page.dart:2176:41 - deprecated_member_use
   info - 'withOpacity' is deprecated and shouldn't be used. Use .withValues() to avoid precision loss - lib\frontend\screens\engineer_dashboard_page.dart:2225:52 - deprecated_member_use
   info - 'groupValue' is deprecated and shouldn't be used. Use a RadioGroup ancestor to manage group value instead. This feature was deprecated after v3.32.0-0.0.pre - lib\frontend\screens\engineer_dashboard_page.dart:2613:21 - deprecated_member_use
   info - 'onChanged' is deprecated and shouldn't be used. Use RadioGroup to handle value change instead. This feature was deprecated after v3.32.0-0.0.pre - lib\frontend\screens\engineer_dashboard_page.dart:2614:21 - deprecated_member_use
   info - 'withOpacity' is deprecated and shouldn't be used. Use .withValues() to avoid precision loss - lib\frontend\screens\engineer_dashboard_page.dart:3077:27 - deprecated_member_use

